<?xml version="1.0" encoding="UTF-8"?>
<!-- Generated by org.testng.reporters.JUnitReportReporter -->
<testsuite hostname="LAPTOP-CKGQQ7A8" failures="0" tests="3" name="DataDriven.DataProvider" time="22.064" errors="0" timestamp="2021-01-21T15:30:10 IST" skipped="0">
  <testcase classname="DataDriven.DataProvider" name="test1" time="7.584"/>
  <system-out/>
  <testcase classname="DataDriven.DataProvider" name="test1" time="5.480"/>
  <system-out/>
  <testcase classname="DataDriven.DataProvider" name="test1" time="9.000"/>
  <system-out/>
</testsuite> <!-- DataDriven.DataProvider -->
